2025-05-20 04:11:58.894 [info] Extension host with pid 61196 started
2025-05-20 04:11:58.909 [info] Lock '/home/azureuser/.vscode-server/data/User/workspaceStorage/b4e765a3a624712d334858198440da4a/vscode.lock': Lock acquired.
2025-05-20 04:11:59.548 [info] ExtensionService#_doActivateExtension vscode.git-base, startup: false, activationEvent: '*', root cause: vscode.git
2025-05-20 04:11:59.551 [info] ExtensionService#_doActivateExtension vscode.emmet, startup: false, activationEvent: 'onLanguage'
2025-05-20 04:11:59.551 [info] ExtensionService#_doActivateExtension vscode.tunnel-forwarding, startup: false, activationEvent: 'onTunnel'
2025-05-20 04:11:59.920 [info] ExtensionService#_doActivateExtension vscode.git, startup: false, activationEvent: '*'
2025-05-20 04:11:59.921 [info] ExtensionService#_doActivateExtension vscode.github, startup: false, activationEvent: '*'
2025-05-20 04:12:00.462 [info] Eager extensions activated
2025-05-20 04:12:00.463 [info] ExtensionService#_doActivateExtension vscode.debug-auto-launch, startup: false, activationEvent: 'onStartupFinished'
2025-05-20 04:12:00.463 [info] ExtensionService#_doActivateExtension vscode.merge-conflict, startup: false, activationEvent: 'onStartupFinished'
2025-05-20 04:21:58.556 [info] ExtensionService#_doActivateExtension vscode.npm, startup: false, activationEvent: 'onTerminalQuickFixRequest:ms-vscode.npm-command'
2025-05-20 04:22:05.435 [info] ExtensionService#_doActivateExtension vscode.configuration-editing, startup: false, activationEvent: 'onLanguage:json'
2025-05-20 04:22:05.436 [info] ExtensionService#_doActivateExtension vscode.extension-editing, startup: false, activationEvent: 'onLanguage:json'
2025-05-20 04:22:05.436 [info] ExtensionService#_doActivateExtension vscode.json-language-features, startup: false, activationEvent: 'onLanguage:json'
2025-05-20 08:59:14.356 [warning] [Decorations] CAPPING events from decorations provider vscode.git 1600
2025-05-20 08:59:23.034 [warning] [Decorations] CAPPING events from decorations provider vscode.git 1600
2025-05-20 08:59:28.241 [warning] [Decorations] CAPPING events from decorations provider vscode.git 1600
2025-05-20 08:59:33.348 [warning] [Decorations] CAPPING events from decorations provider vscode.git 1600
2025-05-20 08:59:38.412 [warning] [Decorations] CAPPING events from decorations provider vscode.git 1600
2025-05-20 08:59:43.469 [warning] [Decorations] CAPPING events from decorations provider vscode.git 1600
2025-05-20 08:59:48.526 [warning] [Decorations] CAPPING events from decorations provider vscode.git 1600
2025-05-20 09:01:23.878 [warning] [Decorations] CAPPING events from decorations provider vscode.git 1600
2025-05-20 09:01:33.538 [warning] [Decorations] CAPPING events from decorations provider vscode.git 1600
2025-05-20 09:01:38.688 [warning] [Decorations] CAPPING events from decorations provider vscode.git 1603
2025-05-20 09:01:47.367 [warning] [Decorations] CAPPING events from decorations provider vscode.git 1603
2025-05-20 09:01:56.585 [warning] [Decorations] CAPPING events from decorations provider vscode.git 1603
2025-05-20 09:02:08.226 [warning] [Decorations] CAPPING events from decorations provider vscode.git 1603
2025-05-20 09:02:12.171 [warning] [Decorations] CAPPING events from decorations provider vscode.git 1604
2025-05-20 09:02:13.428 [warning] [Decorations] CAPPING events from decorations provider vscode.git 1604
2025-05-20 09:02:14.545 [warning] [Decorations] CAPPING events from decorations provider vscode.git 1604
2025-05-20 09:02:19.530 [warning] [Decorations] CAPPING events from decorations provider vscode.git 1604
2025-05-20 09:03:41.713 [warning] [Decorations] CAPPING events from decorations provider vscode.git 1607
2025-05-20 09:03:42.536 [warning] [Decorations] CAPPING events from decorations provider vscode.git 1604
2025-05-20 09:04:18.999 [warning] [Decorations] CAPPING events from decorations provider vscode.git 1605
2025-05-20 09:04:34.651 [warning] [Decorations] CAPPING events from decorations provider vscode.git 1605
2025-05-20 09:04:39.864 [warning] [Decorations] CAPPING events from decorations provider vscode.git 1605
2025-05-20 09:04:45.254 [warning] [Decorations] CAPPING events from decorations provider vscode.git 1606
2025-05-20 09:04:50.456 [warning] [Decorations] CAPPING events from decorations provider vscode.git 1605
2025-05-20 09:04:55.709 [warning] [Decorations] CAPPING events from decorations provider vscode.git 1605
2025-05-20 09:05:01.456 [warning] [Decorations] CAPPING events from decorations provider vscode.git 1605
2025-05-20 09:05:17.491 [warning] [Decorations] CAPPING events from decorations provider vscode.git 1605
2025-05-20 09:05:22.380 [warning] [Decorations] CAPPING events from decorations provider vscode.git 1605
2025-05-20 09:05:32.081 [warning] [Decorations] CAPPING events from decorations provider vscode.git 1605
2025-05-20 09:05:37.218 [warning] [Decorations] CAPPING events from decorations provider vscode.git 1605
2025-05-20 09:05:42.343 [warning] [Decorations] CAPPING events from decorations provider vscode.git 1605
