2025-05-19 22:30:07.159 [info] [main] Log level: Info
2025-05-19 22:30:07.159 [info] [main] Validating found git in: "git"
2025-05-19 22:30:07.159 [info] [main] Using git "2.43.0" from "git"
2025-05-19 22:30:07.159 [info] [Model][doInitialScan] Initial repository scan started
2025-05-19 22:30:07.159 [info] > git rev-parse --show-toplevel [169ms]
2025-05-19 22:30:07.159 [info] fatal: not a git repository (or any of the parent directories): .git
2025-05-19 22:30:07.159 [info] > git rev-parse --show-toplevel [2ms]
2025-05-19 22:30:07.159 [info] fatal: not a git repository (or any of the parent directories): .git
2025-05-19 22:30:07.159 [info] > git rev-parse --show-toplevel [1ms]
2025-05-19 22:30:07.159 [info] fatal: not a git repository (or any of the parent directories): .git
2025-05-19 22:30:07.159 [info] > git rev-parse --show-toplevel [2ms]
2025-05-19 22:30:07.159 [info] fatal: not a git repository (or any of the parent directories): .git
2025-05-19 22:30:07.159 [info] [Model][doInitialScan] Initial repository scan completed - repositories (0), closed repositories (0), parent repositories (0), unsafe repositories (0)
2025-05-19 22:32:24.624 [info] > git rev-parse --show-toplevel [1ms]
2025-05-19 22:32:24.632 [info] > git rev-parse --git-dir --git-common-dir [2ms]
2025-05-19 22:32:24.658 [info] [Model][openRepository] Opened repository (path): /home/azureuser/odd-platform
2025-05-19 22:32:24.658 [info] [Model][openRepository] Opened repository (real path): /home/azureuser/odd-platform
2025-05-19 22:32:24.668 [info] > git config --get commit.template [5ms]
2025-05-19 22:32:24.688 [info] > git for-each-ref --format=%(refname)%00%(upstream:short)%00%(objectname)%00%(upstream:track)%00%(upstream:remotename)%00%(upstream:remoteref) refs/heads/master refs/remotes/master [22ms]
2025-05-19 22:32:24.689 [warning] [Git][getBranch] No such branch: master
2025-05-19 22:32:24.704 [info] > git for-each-ref --sort -committerdate --format %(refname)%00%(objectname)%00%(*objectname) [3ms]
2025-05-19 22:32:24.726 [info] > git status -z -uall [31ms]
2025-05-19 22:32:24.749 [info] > git for-each-ref --format=%(refname)%00%(upstream:short)%00%(objectname)%00%(upstream:track)%00%(upstream:remotename)%00%(upstream:remoteref) refs/heads/master refs/remotes/master [11ms]
2025-05-19 22:32:24.749 [warning] [Git][getBranch] No such branch: master
2025-05-19 22:32:24.750 [error] [GitHistoryProvider][resolveHEADMergeBase] Failed to resolve merge base for master: Error: No such branch: master.
2025-05-19 22:32:24.753 [info] > git config --get commit.template [6ms]
2025-05-19 22:32:24.759 [info] > git for-each-ref --format=%(refname)%00%(upstream:short)%00%(objectname)%00%(upstream:track)%00%(upstream:remotename)%00%(upstream:remoteref) refs/heads/master refs/remotes/master [2ms]
2025-05-19 22:32:24.760 [warning] [Git][getBranch] No such branch: master
2025-05-19 22:32:24.774 [info] > git status -z -uall [10ms]
2025-05-19 22:32:24.775 [info] > git for-each-ref --sort -committerdate --format %(refname)%00%(objectname)%00%(*objectname) [6ms]
2025-05-19 22:32:25.799 [info] > git check-ignore -v -z --stdin [2ms]
2025-05-19 22:32:29.966 [info] > git fetch [5309ms]
2025-05-19 22:32:29.966 [info] From https://github.com/opendatadiscovery/odd-platform
 * branch              HEAD       -> FETCH_HEAD
2025-05-19 22:32:29.975 [info] > git config --get commit.template [5ms]
2025-05-19 22:32:29.977 [info] > git for-each-ref --format=%(refname)%00%(upstream:short)%00%(objectname)%00%(upstream:track)%00%(upstream:remotename)%00%(upstream:remoteref) refs/heads/main refs/remotes/main [3ms]
2025-05-19 22:32:29.980 [warning] [Git][revParse] Unable to read file: ENOENT: no such file or directory, open '/home/azureuser/odd-platform/.git/refs/remotes/origin/main'
2025-05-19 22:32:29.982 [info] > git rev-parse refs/remotes/origin/main [2ms]
2025-05-19 22:32:30.000 [info] > git for-each-ref --sort -committerdate --format %(refname)%00%(objectname)%00%(*objectname) [7ms]
2025-05-19 22:32:30.299 [info] > git status -z -uall [313ms]
2025-05-19 22:32:30.331 [info] > git for-each-ref --format=%(refname)%00%(upstream:short)%00%(objectname)%00%(upstream:track)%00%(upstream:remotename)%00%(upstream:remoteref) refs/heads/main refs/remotes/main [5ms]
2025-05-19 22:32:30.337 [info] > git config --get --local branch.main.vscode-merge-base [2ms]
2025-05-19 22:32:30.337 [warning] [Git][config] git config failed: Failed to execute git
2025-05-19 22:32:30.390 [info] > git reflog main --grep-reflog=branch: Created from *. [50ms]
2025-05-19 22:32:30.410 [info] > git symbolic-ref --short refs/remotes/origin/HEAD [13ms]
2025-05-19 22:32:30.415 [info] > git for-each-ref --format=%(refname)%00%(upstream:short)%00%(objectname)%00%(upstream:track)%00%(upstream:remotename)%00%(upstream:remoteref) refs/heads/origin/main refs/remotes/origin/main [2ms]
2025-05-19 22:32:30.420 [info] > git config --add --local branch.main.vscode-merge-base origin/main [1ms]
2025-05-19 22:32:30.431 [info] > git config --get commit.template [6ms]
2025-05-19 22:32:30.431 [info] > git for-each-ref --format=%(refname)%00%(upstream:short)%00%(objectname)%00%(upstream:track)%00%(upstream:remotename)%00%(upstream:remoteref) refs/heads/main refs/remotes/main [2ms]
2025-05-19 22:32:30.434 [warning] [Git][revParse] Unable to read file: ENOENT: no such file or directory, open '/home/azureuser/odd-platform/.git/refs/remotes/origin/main'
2025-05-19 22:32:30.435 [info] > git rev-parse refs/remotes/origin/main [2ms]
2025-05-19 22:32:30.550 [info] > git for-each-ref --sort -committerdate --format %(refname)%00%(objectname)%00%(*objectname) [102ms]
2025-05-19 22:32:30.621 [info] > git status -z -uall [182ms]
2025-05-19 22:32:30.635 [info] > git merge-base refs/heads/main refs/remotes/origin/main [3ms]
2025-05-19 22:32:30.640 [info] > git for-each-ref --format=%(refname)%00%(upstream:short)%00%(objectname)%00%(upstream:track)%00%(upstream:remotename)%00%(upstream:remoteref) refs/heads/main refs/remotes/main [11ms]
2025-05-19 22:32:30.644 [info] > git config --get --local branch.main.vscode-merge-base [1ms]
2025-05-19 22:32:30.648 [info] > git for-each-ref --format=%(refname)%00%(upstream:short)%00%(objectname)%00%(upstream:track)%00%(upstream:remotename)%00%(upstream:remoteref) refs/heads/origin/main refs/remotes/origin/main [1ms]
2025-05-19 22:32:30.655 [info] > git merge-base refs/heads/main refs/remotes/origin/main [3ms]
2025-05-19 22:32:30.659 [info] > git diff --name-status -z --diff-filter=ADMR f363b2aebd8c362882fbd02dd04cf20fd64f7dfa...refs/remotes/origin/main [20ms]
2025-05-19 22:32:30.663 [info] > git diff --name-status -z --diff-filter=ADMR f363b2aebd8c362882fbd02dd04cf20fd64f7dfa...refs/remotes/origin/main [4ms]
2025-05-19 22:32:33.343 [info] > git config --get commit.template [4ms]
2025-05-19 22:32:33.344 [info] > git for-each-ref --format=%(refname)%00%(upstream:short)%00%(objectname)%00%(upstream:track)%00%(upstream:remotename)%00%(upstream:remoteref) refs/heads/main refs/remotes/main [2ms]
2025-05-19 22:32:33.348 [warning] [Git][revParse] Unable to read file: ENOENT: no such file or directory, open '/home/azureuser/odd-platform/.git/refs/remotes/origin/main'
2025-05-19 22:32:33.350 [info] > git rev-parse refs/remotes/origin/main [2ms]
2025-05-19 22:32:33.365 [info] > git for-each-ref --sort -committerdate --format %(refname)%00%(objectname)%00%(*objectname) [7ms]
2025-05-19 22:32:33.510 [info] > git status -z -uall [156ms]
2025-05-19 22:36:01.142 [info] > git fetch [523ms]
2025-05-19 22:36:01.152 [info] > git config --get commit.template [5ms]
2025-05-19 22:36:01.152 [info] > git for-each-ref --format=%(refname)%00%(upstream:short)%00%(objectname)%00%(upstream:track)%00%(upstream:remotename)%00%(upstream:remoteref) refs/heads/main refs/remotes/main [2ms]
2025-05-19 22:36:01.155 [warning] [Git][revParse] Unable to read file: ENOENT: no such file or directory, open '/home/azureuser/odd-platform/.git/refs/remotes/origin/main'
2025-05-19 22:36:01.157 [info] > git rev-parse refs/remotes/origin/main [2ms]
2025-05-19 22:36:01.177 [info] > git for-each-ref --sort -committerdate --format %(refname)%00%(objectname)%00%(*objectname) [9ms]
2025-05-19 22:36:01.306 [info] > git status -z -uall [146ms]
2025-05-19 22:36:02.856 [info] > git config --get commit.template [4ms]
2025-05-19 22:36:02.858 [info] > git for-each-ref --format=%(refname)%00%(upstream:short)%00%(objectname)%00%(upstream:track)%00%(upstream:remotename)%00%(upstream:remoteref) refs/heads/main refs/remotes/main [3ms]
2025-05-19 22:36:02.862 [warning] [Git][revParse] Unable to read file: ENOENT: no such file or directory, open '/home/azureuser/odd-platform/.git/refs/remotes/origin/main'
2025-05-19 22:36:02.864 [info] > git rev-parse refs/remotes/origin/main [3ms]
2025-05-19 22:36:02.891 [info] > git for-each-ref --sort -committerdate --format %(refname)%00%(objectname)%00%(*objectname) [8ms]
2025-05-19 22:36:03.014 [info] > git status -z -uall [139ms]
2025-05-19 22:39:01.796 [info] > git fetch [484ms]
2025-05-19 22:39:01.806 [info] > git config --get commit.template [5ms]
2025-05-19 22:39:01.807 [info] > git for-each-ref --format=%(refname)%00%(upstream:short)%00%(objectname)%00%(upstream:track)%00%(upstream:remotename)%00%(upstream:remoteref) refs/heads/main refs/remotes/main [3ms]
2025-05-19 22:39:01.810 [warning] [Git][revParse] Unable to read file: ENOENT: no such file or directory, open '/home/azureuser/odd-platform/.git/refs/remotes/origin/main'
2025-05-19 22:39:01.811 [info] > git rev-parse refs/remotes/origin/main [1ms]
2025-05-19 22:39:01.830 [info] > git for-each-ref --sort -committerdate --format %(refname)%00%(objectname)%00%(*objectname) [9ms]
2025-05-19 22:39:01.946 [info] > git status -z -uall [132ms]
2025-05-19 22:39:03.421 [info] > git config --get commit.template [4ms]
2025-05-19 22:39:03.422 [info] > git for-each-ref --format=%(refname)%00%(upstream:short)%00%(objectname)%00%(upstream:track)%00%(upstream:remotename)%00%(upstream:remoteref) refs/heads/main refs/remotes/main [2ms]
2025-05-19 22:39:03.425 [warning] [Git][revParse] Unable to read file: ENOENT: no such file or directory, open '/home/azureuser/odd-platform/.git/refs/remotes/origin/main'
2025-05-19 22:39:03.426 [info] > git rev-parse refs/remotes/origin/main [1ms]
2025-05-19 22:39:03.441 [info] > git for-each-ref --sort -committerdate --format %(refname)%00%(objectname)%00%(*objectname) [6ms]
2025-05-19 22:39:03.561 [info] > git status -z -uall [132ms]
2025-05-19 22:42:07.777 [info] > git fetch [458ms]
2025-05-19 22:42:07.786 [info] > git config --get commit.template [4ms]
2025-05-19 22:42:07.787 [info] > git for-each-ref --format=%(refname)%00%(upstream:short)%00%(objectname)%00%(upstream:track)%00%(upstream:remotename)%00%(upstream:remoteref) refs/heads/main refs/remotes/main [2ms]
2025-05-19 22:42:07.793 [warning] [Git][revParse] Unable to read file: ENOENT: no such file or directory, open '/home/azureuser/odd-platform/.git/refs/remotes/origin/main'
2025-05-19 22:42:07.795 [info] > git rev-parse refs/remotes/origin/main [2ms]
2025-05-19 22:42:07.814 [info] > git for-each-ref --sort -committerdate --format %(refname)%00%(objectname)%00%(*objectname) [7ms]
2025-05-19 22:42:07.943 [info] > git status -z -uall [145ms]
2025-05-19 22:42:10.072 [info] > git config --get commit.template [6ms]
2025-05-19 22:42:10.075 [info] > git for-each-ref --format=%(refname)%00%(upstream:short)%00%(objectname)%00%(upstream:track)%00%(upstream:remotename)%00%(upstream:remoteref) refs/heads/main refs/remotes/main [4ms]
2025-05-19 22:42:10.078 [warning] [Git][revParse] Unable to read file: ENOENT: no such file or directory, open '/home/azureuser/odd-platform/.git/refs/remotes/origin/main'
2025-05-19 22:42:10.080 [info] > git rev-parse refs/remotes/origin/main [2ms]
2025-05-19 22:42:10.096 [info] > git for-each-ref --sort -committerdate --format %(refname)%00%(objectname)%00%(*objectname) [7ms]
2025-05-19 22:42:10.218 [info] > git status -z -uall [135ms]
2025-05-19 22:42:15.232 [info] > git config --get commit.template [4ms]
2025-05-19 22:42:15.233 [info] > git for-each-ref --format=%(refname)%00%(upstream:short)%00%(objectname)%00%(upstream:track)%00%(upstream:remotename)%00%(upstream:remoteref) refs/heads/main refs/remotes/main [3ms]
2025-05-19 22:42:15.236 [warning] [Git][revParse] Unable to read file: ENOENT: no such file or directory, open '/home/azureuser/odd-platform/.git/refs/remotes/origin/main'
2025-05-19 22:42:15.237 [info] > git rev-parse refs/remotes/origin/main [2ms]
2025-05-19 22:42:15.254 [info] > git for-each-ref --sort -committerdate --format %(refname)%00%(objectname)%00%(*objectname) [9ms]
2025-05-19 22:42:15.388 [info] > git status -z -uall [148ms]
2025-05-19 22:45:08.442 [info] > git fetch [491ms]
2025-05-19 22:45:08.450 [info] > git config --get commit.template [4ms]
2025-05-19 22:45:08.451 [info] > git for-each-ref --format=%(refname)%00%(upstream:short)%00%(objectname)%00%(upstream:track)%00%(upstream:remotename)%00%(upstream:remoteref) refs/heads/main refs/remotes/main [3ms]
2025-05-19 22:45:08.454 [warning] [Git][revParse] Unable to read file: ENOENT: no such file or directory, open '/home/azureuser/odd-platform/.git/refs/remotes/origin/main'
2025-05-19 22:45:08.455 [info] > git rev-parse refs/remotes/origin/main [1ms]
2025-05-19 22:45:08.477 [info] > git for-each-ref --sort -committerdate --format %(refname)%00%(objectname)%00%(*objectname) [6ms]
2025-05-19 22:45:08.592 [info] > git status -z -uall [134ms]
2025-05-19 22:45:09.943 [info] > git config --get commit.template [5ms]
2025-05-19 22:45:09.944 [info] > git for-each-ref --format=%(refname)%00%(upstream:short)%00%(objectname)%00%(upstream:track)%00%(upstream:remotename)%00%(upstream:remoteref) refs/heads/main refs/remotes/main [2ms]
2025-05-19 22:45:09.948 [warning] [Git][revParse] Unable to read file: ENOENT: no such file or directory, open '/home/azureuser/odd-platform/.git/refs/remotes/origin/main'
2025-05-19 22:45:09.950 [info] > git rev-parse refs/remotes/origin/main [2ms]
2025-05-19 22:45:09.969 [info] > git for-each-ref --sort -committerdate --format %(refname)%00%(objectname)%00%(*objectname) [6ms]
2025-05-19 22:45:10.093 [info] > git status -z -uall [138ms]
2025-05-19 22:48:09.100 [info] > git fetch [497ms]
2025-05-19 22:48:09.109 [info] > git config --get commit.template [5ms]
2025-05-19 22:48:09.109 [info] > git for-each-ref --format=%(refname)%00%(upstream:short)%00%(objectname)%00%(upstream:track)%00%(upstream:remotename)%00%(upstream:remoteref) refs/heads/main refs/remotes/main [2ms]
2025-05-19 22:48:09.112 [warning] [Git][revParse] Unable to read file: ENOENT: no such file or directory, open '/home/azureuser/odd-platform/.git/refs/remotes/origin/main'
2025-05-19 22:48:09.113 [info] > git rev-parse refs/remotes/origin/main [1ms]
2025-05-19 22:48:09.138 [info] > git for-each-ref --sort -committerdate --format %(refname)%00%(objectname)%00%(*objectname) [9ms]
2025-05-19 22:48:09.259 [info] > git status -z -uall [142ms]
2025-05-19 22:48:10.722 [info] > git config --get commit.template [7ms]
2025-05-19 22:48:10.722 [info] > git for-each-ref --format=%(refname)%00%(upstream:short)%00%(objectname)%00%(upstream:track)%00%(upstream:remotename)%00%(upstream:remoteref) refs/heads/main refs/remotes/main [1ms]
2025-05-19 22:48:10.725 [warning] [Git][revParse] Unable to read file: ENOENT: no such file or directory, open '/home/azureuser/odd-platform/.git/refs/remotes/origin/main'
2025-05-19 22:48:10.727 [info] > git rev-parse refs/remotes/origin/main [2ms]
2025-05-19 22:48:10.744 [info] > git for-each-ref --sort -committerdate --format %(refname)%00%(objectname)%00%(*objectname) [7ms]
2025-05-19 22:48:10.882 [info] > git status -z -uall [152ms]
2025-05-19 22:52:28.491 [info] > git fetch [473ms]
2025-05-19 22:52:28.499 [info] > git config --get commit.template [4ms]
2025-05-19 22:52:28.501 [info] > git for-each-ref --format=%(refname)%00%(upstream:short)%00%(objectname)%00%(upstream:track)%00%(upstream:remotename)%00%(upstream:remoteref) refs/heads/main refs/remotes/main [3ms]
2025-05-19 22:52:28.503 [warning] [Git][revParse] Unable to read file: ENOENT: no such file or directory, open '/home/azureuser/odd-platform/.git/refs/remotes/origin/main'
2025-05-19 22:52:28.505 [info] > git rev-parse refs/remotes/origin/main [2ms]
2025-05-19 22:52:28.522 [info] > git for-each-ref --sort -committerdate --format %(refname)%00%(objectname)%00%(*objectname) [5ms]
2025-05-19 22:52:28.643 [info] > git status -z -uall [135ms]
2025-05-19 22:52:29.914 [info] > git config --get commit.template [4ms]
2025-05-19 22:52:29.915 [info] > git for-each-ref --format=%(refname)%00%(upstream:short)%00%(objectname)%00%(upstream:track)%00%(upstream:remotename)%00%(upstream:remoteref) refs/heads/main refs/remotes/main [3ms]
2025-05-19 22:52:29.918 [warning] [Git][revParse] Unable to read file: ENOENT: no such file or directory, open '/home/azureuser/odd-platform/.git/refs/remotes/origin/main'
2025-05-19 22:52:29.919 [info] > git rev-parse refs/remotes/origin/main [1ms]
2025-05-19 22:52:29.936 [info] > git for-each-ref --sort -committerdate --format %(refname)%00%(objectname)%00%(*objectname) [7ms]
2025-05-19 22:52:30.061 [info] > git status -z -uall [139ms]
2025-05-19 22:55:29.123 [info] > git fetch [474ms]
2025-05-19 22:55:29.131 [info] > git config --get commit.template [4ms]
2025-05-19 22:55:29.132 [info] > git for-each-ref --format=%(refname)%00%(upstream:short)%00%(objectname)%00%(upstream:track)%00%(upstream:remotename)%00%(upstream:remoteref) refs/heads/main refs/remotes/main [2ms]
2025-05-19 22:55:29.135 [warning] [Git][revParse] Unable to read file: ENOENT: no such file or directory, open '/home/azureuser/odd-platform/.git/refs/remotes/origin/main'
2025-05-19 22:55:29.136 [info] > git rev-parse refs/remotes/origin/main [1ms]
2025-05-19 22:55:29.152 [info] > git for-each-ref --sort -committerdate --format %(refname)%00%(objectname)%00%(*objectname) [7ms]
2025-05-19 22:55:29.279 [info] > git status -z -uall [141ms]
2025-05-19 22:55:30.508 [info] > git config --get commit.template [5ms]
2025-05-19 22:55:30.509 [info] > git for-each-ref --format=%(refname)%00%(upstream:short)%00%(objectname)%00%(upstream:track)%00%(upstream:remotename)%00%(upstream:remoteref) refs/heads/main refs/remotes/main [2ms]
2025-05-19 22:55:30.512 [warning] [Git][revParse] Unable to read file: ENOENT: no such file or directory, open '/home/azureuser/odd-platform/.git/refs/remotes/origin/main'
2025-05-19 22:55:30.513 [info] > git rev-parse refs/remotes/origin/main [1ms]
2025-05-19 22:55:30.531 [info] > git for-each-ref --sort -committerdate --format %(refname)%00%(objectname)%00%(*objectname) [8ms]
2025-05-19 22:55:30.655 [info] > git status -z -uall [139ms]
2025-05-19 22:58:29.810 [info] > git fetch [517ms]
2025-05-19 22:58:29.819 [info] > git config --get commit.template [5ms]
2025-05-19 22:58:29.820 [info] > git for-each-ref --format=%(refname)%00%(upstream:short)%00%(objectname)%00%(upstream:track)%00%(upstream:remotename)%00%(upstream:remoteref) refs/heads/main refs/remotes/main [2ms]
2025-05-19 22:58:29.823 [warning] [Git][revParse] Unable to read file: ENOENT: no such file or directory, open '/home/azureuser/odd-platform/.git/refs/remotes/origin/main'
2025-05-19 22:58:29.824 [info] > git rev-parse refs/remotes/origin/main [1ms]
2025-05-19 22:58:29.840 [info] > git for-each-ref --sort -committerdate --format %(refname)%00%(objectname)%00%(*objectname) [6ms]
2025-05-19 22:58:29.982 [info] > git status -z -uall [155ms]
2025-05-19 22:58:31.573 [info] > git config --get commit.template [6ms]
2025-05-19 22:58:31.577 [info] > git for-each-ref --format=%(refname)%00%(upstream:short)%00%(objectname)%00%(upstream:track)%00%(upstream:remotename)%00%(upstream:remoteref) refs/heads/main refs/remotes/main [4ms]
2025-05-19 22:58:31.582 [warning] [Git][revParse] Unable to read file: ENOENT: no such file or directory, open '/home/azureuser/odd-platform/.git/refs/remotes/origin/main'
2025-05-19 22:58:31.583 [info] > git rev-parse refs/remotes/origin/main [2ms]
2025-05-19 22:58:31.619 [info] > git for-each-ref --sort -committerdate --format %(refname)%00%(objectname)%00%(*objectname) [21ms]
2025-05-19 22:58:31.842 [info] > git status -z -uall [254ms]
2025-05-19 23:01:30.509 [info] > git fetch [517ms]
2025-05-19 23:01:30.517 [info] > git config --get commit.template [4ms]
2025-05-19 23:01:30.518 [info] > git for-each-ref --format=%(refname)%00%(upstream:short)%00%(objectname)%00%(upstream:track)%00%(upstream:remotename)%00%(upstream:remoteref) refs/heads/main refs/remotes/main [2ms]
2025-05-19 23:01:30.521 [warning] [Git][revParse] Unable to read file: ENOENT: no such file or directory, open '/home/azureuser/odd-platform/.git/refs/remotes/origin/main'
2025-05-19 23:01:30.522 [info] > git rev-parse refs/remotes/origin/main [1ms]
2025-05-19 23:01:30.539 [info] > git for-each-ref --sort -committerdate --format %(refname)%00%(objectname)%00%(*objectname) [8ms]
2025-05-19 23:01:30.654 [info] > git status -z -uall [129ms]
2025-05-19 23:01:31.920 [info] > git config --get commit.template [5ms]
2025-05-19 23:01:31.922 [info] > git for-each-ref --format=%(refname)%00%(upstream:short)%00%(objectname)%00%(upstream:track)%00%(upstream:remotename)%00%(upstream:remoteref) refs/heads/main refs/remotes/main [2ms]
2025-05-19 23:01:31.924 [warning] [Git][revParse] Unable to read file: ENOENT: no such file or directory, open '/home/azureuser/odd-platform/.git/refs/remotes/origin/main'
2025-05-19 23:01:31.926 [info] > git rev-parse refs/remotes/origin/main [2ms]
2025-05-19 23:01:31.944 [info] > git for-each-ref --sort -committerdate --format %(refname)%00%(objectname)%00%(*objectname) [7ms]
2025-05-19 23:01:32.076 [info] > git status -z -uall [146ms]
2025-05-19 23:04:48.834 [info] > git fetch [492ms]
2025-05-19 23:04:48.845 [info] > git config --get commit.template [7ms]
2025-05-19 23:04:48.846 [info] > git for-each-ref --format=%(refname)%00%(upstream:short)%00%(objectname)%00%(upstream:track)%00%(upstream:remotename)%00%(upstream:remoteref) refs/heads/main refs/remotes/main [2ms]
2025-05-19 23:04:48.849 [warning] [Git][revParse] Unable to read file: ENOENT: no such file or directory, open '/home/azureuser/odd-platform/.git/refs/remotes/origin/main'
2025-05-19 23:04:48.850 [info] > git rev-parse refs/remotes/origin/main [2ms]
2025-05-19 23:04:48.867 [info] > git for-each-ref --sort -committerdate --format %(refname)%00%(objectname)%00%(*objectname) [5ms]
2025-05-19 23:04:48.981 [info] > git status -z -uall [128ms]
2025-05-19 23:04:50.427 [info] > git config --get commit.template [1ms]
2025-05-19 23:04:50.433 [info] > git for-each-ref --format=%(refname)%00%(upstream:short)%00%(objectname)%00%(upstream:track)%00%(upstream:remotename)%00%(upstream:remoteref) refs/heads/main refs/remotes/main [2ms]
2025-05-19 23:04:50.437 [warning] [Git][revParse] Unable to read file: ENOENT: no such file or directory, open '/home/azureuser/odd-platform/.git/refs/remotes/origin/main'
2025-05-19 23:04:50.438 [info] > git rev-parse refs/remotes/origin/main [1ms]
2025-05-19 23:04:50.457 [info] > git for-each-ref --sort -committerdate --format %(refname)%00%(objectname)%00%(*objectname) [8ms]
2025-05-19 23:04:50.591 [info] > git status -z -uall [149ms]
2025-05-19 23:07:50.380 [info] > git fetch [459ms]
2025-05-19 23:07:50.388 [info] > git config --get commit.template [3ms]
2025-05-19 23:07:50.394 [info] > git for-each-ref --format=%(refname)%00%(upstream:short)%00%(objectname)%00%(upstream:track)%00%(upstream:remotename)%00%(upstream:remoteref) refs/heads/main refs/remotes/main [2ms]
2025-05-19 23:07:50.396 [warning] [Git][revParse] Unable to read file: ENOENT: no such file or directory, open '/home/azureuser/odd-platform/.git/refs/remotes/origin/main'
2025-05-19 23:07:50.398 [info] > git rev-parse refs/remotes/origin/main [2ms]
2025-05-19 23:07:50.414 [info] > git for-each-ref --sort -committerdate --format %(refname)%00%(objectname)%00%(*objectname) [7ms]
2025-05-19 23:07:50.537 [info] > git status -z -uall [136ms]
2025-05-19 23:08:00.301 [info] > git config --get commit.template [4ms]
2025-05-19 23:08:00.303 [info] > git for-each-ref --format=%(refname)%00%(upstream:short)%00%(objectname)%00%(upstream:track)%00%(upstream:remotename)%00%(upstream:remoteref) refs/heads/main refs/remotes/main [3ms]
2025-05-19 23:08:00.306 [warning] [Git][revParse] Unable to read file: ENOENT: no such file or directory, open '/home/azureuser/odd-platform/.git/refs/remotes/origin/main'
2025-05-19 23:08:00.307 [info] > git rev-parse refs/remotes/origin/main [1ms]
2025-05-19 23:08:00.327 [info] > git for-each-ref --sort -committerdate --format %(refname)%00%(objectname)%00%(*objectname) [11ms]
2025-05-19 23:08:00.460 [info] > git status -z -uall [150ms]
2025-05-19 23:11:15.143 [info] > git fetch [490ms]
2025-05-19 23:11:15.152 [info] > git config --get commit.template [4ms]
2025-05-19 23:11:15.153 [info] > git for-each-ref --format=%(refname)%00%(upstream:short)%00%(objectname)%00%(upstream:track)%00%(upstream:remotename)%00%(upstream:remoteref) refs/heads/main refs/remotes/main [2ms]
2025-05-19 23:11:15.156 [warning] [Git][revParse] Unable to read file: ENOENT: no such file or directory, open '/home/azureuser/odd-platform/.git/refs/remotes/origin/main'
2025-05-19 23:11:15.159 [info] > git rev-parse refs/remotes/origin/main [3ms]
2025-05-19 23:11:15.174 [info] > git for-each-ref --sort -committerdate --format %(refname)%00%(objectname)%00%(*objectname) [6ms]
2025-05-19 23:11:15.302 [info] > git status -z -uall [141ms]
2025-05-19 23:11:16.530 [info] > git config --get commit.template [2ms]
2025-05-19 23:11:16.534 [info] > git for-each-ref --format=%(refname)%00%(upstream:short)%00%(objectname)%00%(upstream:track)%00%(upstream:remotename)%00%(upstream:remoteref) refs/heads/main refs/remotes/main [2ms]
2025-05-19 23:11:16.537 [warning] [Git][revParse] Unable to read file: ENOENT: no such file or directory, open '/home/azureuser/odd-platform/.git/refs/remotes/origin/main'
2025-05-19 23:11:16.538 [info] > git rev-parse refs/remotes/origin/main [1ms]
2025-05-19 23:11:16.553 [info] > git for-each-ref --sort -committerdate --format %(refname)%00%(objectname)%00%(*objectname) [6ms]
2025-05-19 23:11:16.666 [info] > git status -z -uall [124ms]
2025-05-19 23:14:15.786 [info] > git fetch [475ms]
2025-05-19 23:14:15.795 [info] > git config --get commit.template [4ms]
2025-05-19 23:14:15.796 [info] > git for-each-ref --format=%(refname)%00%(upstream:short)%00%(objectname)%00%(upstream:track)%00%(upstream:remotename)%00%(upstream:remoteref) refs/heads/main refs/remotes/main [2ms]
2025-05-19 23:14:15.799 [warning] [Git][revParse] Unable to read file: ENOENT: no such file or directory, open '/home/azureuser/odd-platform/.git/refs/remotes/origin/main'
2025-05-19 23:14:15.800 [info] > git rev-parse refs/remotes/origin/main [1ms]
2025-05-19 23:14:15.816 [info] > git for-each-ref --sort -committerdate --format %(refname)%00%(objectname)%00%(*objectname) [7ms]
2025-05-19 23:14:15.939 [info] > git status -z -uall [137ms]
2025-05-19 23:14:17.195 [info] > git config --get commit.template [7ms]
2025-05-19 23:14:17.196 [info] > git for-each-ref --format=%(refname)%00%(upstream:short)%00%(objectname)%00%(upstream:track)%00%(upstream:remotename)%00%(upstream:remoteref) refs/heads/main refs/remotes/main [2ms]
2025-05-19 23:14:17.199 [warning] [Git][revParse] Unable to read file: ENOENT: no such file or directory, open '/home/azureuser/odd-platform/.git/refs/remotes/origin/main'
2025-05-19 23:14:17.200 [info] > git rev-parse refs/remotes/origin/main [1ms]
2025-05-19 23:14:17.217 [info] > git for-each-ref --sort -committerdate --format %(refname)%00%(objectname)%00%(*objectname) [7ms]
2025-05-19 23:14:17.343 [info] > git status -z -uall [140ms]
2025-05-19 23:16:37.914 [info] > git rev-parse --show-toplevel [1ms]
2025-05-19 23:16:37.915 [info] fatal: not a git repository (or any of the parent directories): .git
2025-05-19 23:18:02.688 [info] > git fetch [468ms]
2025-05-19 23:18:02.698 [info] > git config --get commit.template [6ms]
2025-05-19 23:18:02.699 [info] > git for-each-ref --format=%(refname)%00%(upstream:short)%00%(objectname)%00%(upstream:track)%00%(upstream:remotename)%00%(upstream:remoteref) refs/heads/main refs/remotes/main [4ms]
2025-05-19 23:18:02.703 [warning] [Git][revParse] Unable to read file: ENOENT: no such file or directory, open '/home/azureuser/odd-platform/.git/refs/remotes/origin/main'
2025-05-19 23:18:02.704 [info] > git rev-parse refs/remotes/origin/main [2ms]
2025-05-19 23:18:02.722 [info] > git for-each-ref --sort -committerdate --format %(refname)%00%(objectname)%00%(*objectname) [7ms]
2025-05-19 23:18:02.846 [info] > git status -z -uall [139ms]
2025-05-19 23:18:04.081 [info] > git config --get commit.template [5ms]
2025-05-19 23:18:04.082 [info] > git for-each-ref --format=%(refname)%00%(upstream:short)%00%(objectname)%00%(upstream:track)%00%(upstream:remotename)%00%(upstream:remoteref) refs/heads/main refs/remotes/main [2ms]
2025-05-19 23:18:04.086 [warning] [Git][revParse] Unable to read file: ENOENT: no such file or directory, open '/home/azureuser/odd-platform/.git/refs/remotes/origin/main'
2025-05-19 23:18:04.087 [info] > git rev-parse refs/remotes/origin/main [2ms]
2025-05-19 23:18:04.101 [info] > git for-each-ref --sort -committerdate --format %(refname)%00%(objectname)%00%(*objectname) [7ms]
2025-05-19 23:18:04.223 [info] > git status -z -uall [133ms]
2025-05-19 23:19:52.466 [info] > git rev-parse --show-toplevel [2ms]
2025-05-19 23:19:52.466 [info] fatal: not a git repository (or any of the parent directories): .git
2025-05-19 23:22:36.967 [info] > git fetch [492ms]
2025-05-19 23:22:36.973 [info] > git config --get commit.template [3ms]
2025-05-19 23:22:36.974 [info] > git for-each-ref --format=%(refname)%00%(upstream:short)%00%(objectname)%00%(upstream:track)%00%(upstream:remotename)%00%(upstream:remoteref) refs/heads/main refs/remotes/main [2ms]
2025-05-19 23:22:36.977 [warning] [Git][revParse] Unable to read file: ENOENT: no such file or directory, open '/home/azureuser/odd-platform/.git/refs/remotes/origin/main'
2025-05-19 23:22:36.978 [info] > git rev-parse refs/remotes/origin/main [1ms]
2025-05-19 23:22:36.994 [info] > git for-each-ref --sort -committerdate --format %(refname)%00%(objectname)%00%(*objectname) [7ms]
2025-05-19 23:22:37.112 [info] > git status -z -uall [131ms]
2025-05-19 23:22:49.169 [info] > git config --get commit.template [4ms]
2025-05-19 23:22:49.171 [info] > git for-each-ref --format=%(refname)%00%(upstream:short)%00%(objectname)%00%(upstream:track)%00%(upstream:remotename)%00%(upstream:remoteref) refs/heads/main refs/remotes/main [3ms]
2025-05-19 23:22:49.173 [warning] [Git][revParse] Unable to read file: ENOENT: no such file or directory, open '/home/azureuser/odd-platform/.git/refs/remotes/origin/main'
2025-05-19 23:22:49.174 [info] > git rev-parse refs/remotes/origin/main [1ms]
2025-05-19 23:22:49.191 [info] > git for-each-ref --sort -committerdate --format %(refname)%00%(objectname)%00%(*objectname) [9ms]
2025-05-19 23:22:49.317 [info] > git status -z -uall [139ms]
2025-05-19 23:26:07.252 [info] > git fetch [529ms]
2025-05-19 23:26:07.263 [info] > git config --get commit.template [4ms]
2025-05-19 23:26:07.264 [info] > git for-each-ref --format=%(refname)%00%(upstream:short)%00%(objectname)%00%(upstream:track)%00%(upstream:remotename)%00%(upstream:remoteref) refs/heads/main refs/remotes/main [2ms]
2025-05-19 23:26:07.267 [warning] [Git][revParse] Unable to read file: ENOENT: no such file or directory, open '/home/azureuser/odd-platform/.git/refs/remotes/origin/main'
2025-05-19 23:26:07.269 [info] > git rev-parse refs/remotes/origin/main [2ms]
2025-05-19 23:26:07.289 [info] > git for-each-ref --sort -committerdate --format %(refname)%00%(objectname)%00%(*objectname) [6ms]
2025-05-19 23:26:07.404 [info] > git status -z -uall [133ms]
2025-05-19 23:26:08.725 [info] > git config --get commit.template [6ms]
2025-05-19 23:26:08.725 [info] > git for-each-ref --format=%(refname)%00%(upstream:short)%00%(objectname)%00%(upstream:track)%00%(upstream:remotename)%00%(upstream:remoteref) refs/heads/main refs/remotes/main [3ms]
2025-05-19 23:26:08.728 [warning] [Git][revParse] Unable to read file: ENOENT: no such file or directory, open '/home/azureuser/odd-platform/.git/refs/remotes/origin/main'
2025-05-19 23:26:08.730 [info] > git rev-parse refs/remotes/origin/main [2ms]
2025-05-19 23:26:08.746 [info] > git for-each-ref --sort -committerdate --format %(refname)%00%(objectname)%00%(*objectname) [6ms]
2025-05-19 23:26:08.866 [info] > git status -z -uall [134ms]
2025-05-19 23:28:49.110 [info] > git rev-parse --show-toplevel [1ms]
2025-05-19 23:28:49.110 [info] fatal: not a git repository (or any of the parent directories): .git
2025-05-19 23:29:07.901 [info] > git fetch [490ms]
2025-05-19 23:29:07.909 [info] > git config --get commit.template [4ms]
2025-05-19 23:29:07.910 [info] > git for-each-ref --format=%(refname)%00%(upstream:short)%00%(objectname)%00%(upstream:track)%00%(upstream:remotename)%00%(upstream:remoteref) refs/heads/main refs/remotes/main [2ms]
2025-05-19 23:29:07.913 [warning] [Git][revParse] Unable to read file: ENOENT: no such file or directory, open '/home/azureuser/odd-platform/.git/refs/remotes/origin/main'
2025-05-19 23:29:07.914 [info] > git rev-parse refs/remotes/origin/main [1ms]
2025-05-19 23:29:07.930 [info] > git for-each-ref --sort -committerdate --format %(refname)%00%(objectname)%00%(*objectname) [8ms]
2025-05-19 23:29:08.057 [info] > git status -z -uall [140ms]
2025-05-19 23:30:16.600 [info] > git config --get commit.template [5ms]
2025-05-19 23:30:16.601 [info] > git for-each-ref --format=%(refname)%00%(upstream:short)%00%(objectname)%00%(upstream:track)%00%(upstream:remotename)%00%(upstream:remoteref) refs/heads/main refs/remotes/main [3ms]
2025-05-19 23:30:16.603 [warning] [Git][revParse] Unable to read file: ENOENT: no such file or directory, open '/home/azureuser/odd-platform/.git/refs/remotes/origin/main'
2025-05-19 23:30:16.604 [info] > git rev-parse refs/remotes/origin/main [1ms]
2025-05-19 23:30:16.620 [info] > git for-each-ref --sort -committerdate --format %(refname)%00%(objectname)%00%(*objectname) [5ms]
2025-05-19 23:30:16.734 [info] > git status -z -uall [127ms]
2025-05-19 23:30:19.732 [info] > git rev-parse --show-toplevel [2ms]
2025-05-19 23:30:19.732 [info] fatal: not a git repository (or any of the parent directories): .git
2025-05-19 23:30:29.514 [info] > git rev-parse --show-toplevel [2ms]
2025-05-19 23:30:29.514 [info] fatal: not a git repository (or any of the parent directories): .git
2025-05-19 23:32:24.438 [info] > git fetch [621ms]
2025-05-19 23:32:24.445 [info] > git config --get commit.template [3ms]
2025-05-19 23:32:24.446 [info] > git for-each-ref --format=%(refname)%00%(upstream:short)%00%(objectname)%00%(upstream:track)%00%(upstream:remotename)%00%(upstream:remoteref) refs/heads/main refs/remotes/main [2ms]
2025-05-19 23:32:24.449 [warning] [Git][revParse] Unable to read file: ENOENT: no such file or directory, open '/home/azureuser/odd-platform/.git/refs/remotes/origin/main'
2025-05-19 23:32:24.450 [info] > git rev-parse refs/remotes/origin/main [1ms]
2025-05-19 23:32:24.464 [info] > git for-each-ref --sort -committerdate --format %(refname)%00%(objectname)%00%(*objectname) [5ms]
2025-05-19 23:32:24.589 [info] > git status -z -uall [136ms]
2025-05-19 23:32:25.827 [info] > git config --get commit.template [5ms]
2025-05-19 23:32:25.829 [info] > git for-each-ref --format=%(refname)%00%(upstream:short)%00%(objectname)%00%(upstream:track)%00%(upstream:remotename)%00%(upstream:remoteref) refs/heads/main refs/remotes/main [3ms]
2025-05-19 23:32:25.832 [warning] [Git][revParse] Unable to read file: ENOENT: no such file or directory, open '/home/azureuser/odd-platform/.git/refs/remotes/origin/main'
2025-05-19 23:32:25.833 [info] > git rev-parse refs/remotes/origin/main [1ms]
2025-05-19 23:32:25.848 [info] > git for-each-ref --sort -committerdate --format %(refname)%00%(objectname)%00%(*objectname) [8ms]
2025-05-19 23:32:25.969 [info] > git status -z -uall [134ms]
2025-05-19 23:41:18.457 [info] > git fetch [602ms]
2025-05-19 23:41:18.470 [info] > git config --get commit.template [7ms]
2025-05-19 23:41:18.472 [info] > git for-each-ref --format=%(refname)%00%(upstream:short)%00%(objectname)%00%(upstream:track)%00%(upstream:remotename)%00%(upstream:remoteref) refs/heads/main refs/remotes/main [2ms]
2025-05-19 23:41:18.476 [warning] [Git][revParse] Unable to read file: ENOENT: no such file or directory, open '/home/azureuser/odd-platform/.git/refs/remotes/origin/main'
2025-05-19 23:41:18.478 [info] > git rev-parse refs/remotes/origin/main [2ms]
2025-05-19 23:41:18.515 [info] > git for-each-ref --sort -committerdate --format %(refname)%00%(objectname)%00%(*objectname) [18ms]
2025-05-19 23:41:18.707 [info] > git status -z -uall [225ms]
2025-05-19 23:41:19.878 [info] > git config --get commit.template [4ms]
2025-05-19 23:41:19.880 [info] > git for-each-ref --format=%(refname)%00%(upstream:short)%00%(objectname)%00%(upstream:track)%00%(upstream:remotename)%00%(upstream:remoteref) refs/heads/main refs/remotes/main [3ms]
2025-05-19 23:41:19.883 [warning] [Git][revParse] Unable to read file: ENOENT: no such file or directory, open '/home/azureuser/odd-platform/.git/refs/remotes/origin/main'
2025-05-19 23:41:19.886 [info] > git rev-parse refs/remotes/origin/main [3ms]
2025-05-19 23:41:19.907 [info] > git for-each-ref --sort -committerdate --format %(refname)%00%(objectname)%00%(*objectname) [6ms]
2025-05-19 23:41:20.027 [info] > git status -z -uall [137ms]
2025-05-19 23:45:05.289 [info] > git fetch [511ms]
2025-05-19 23:45:05.298 [info] > git config --get commit.template [5ms]
2025-05-19 23:45:05.299 [info] > git for-each-ref --format=%(refname)%00%(upstream:short)%00%(objectname)%00%(upstream:track)%00%(upstream:remotename)%00%(upstream:remoteref) refs/heads/main refs/remotes/main [2ms]
2025-05-19 23:45:05.302 [warning] [Git][revParse] Unable to read file: ENOENT: no such file or directory, open '/home/azureuser/odd-platform/.git/refs/remotes/origin/main'
2025-05-19 23:45:05.303 [info] > git rev-parse refs/remotes/origin/main [1ms]
2025-05-19 23:45:05.321 [info] > git for-each-ref --sort -committerdate --format %(refname)%00%(objectname)%00%(*objectname) [8ms]
2025-05-19 23:45:05.453 [info] > git status -z -uall [146ms]
2025-05-19 23:51:57.691 [info] > git config --get commit.template [9ms]
2025-05-19 23:51:57.694 [info] > git for-each-ref --format=%(refname)%00%(upstream:short)%00%(objectname)%00%(upstream:track)%00%(upstream:remotename)%00%(upstream:remoteref) refs/heads/main refs/remotes/main [4ms]
2025-05-19 23:51:57.697 [warning] [Git][revParse] Unable to read file: ENOENT: no such file or directory, open '/home/azureuser/odd-platform/.git/refs/remotes/origin/main'
2025-05-19 23:51:57.699 [info] > git rev-parse refs/remotes/origin/main [2ms]
2025-05-19 23:51:57.726 [info] > git for-each-ref --sort -committerdate --format %(refname)%00%(objectname)%00%(*objectname) [9ms]
2025-05-19 23:51:57.902 [info] > git status -z -uall [199ms]
2025-05-19 23:51:58.214 [info] > git fetch [538ms]
2025-05-19 23:51:58.222 [info] > git config --get commit.template [4ms]
2025-05-19 23:51:58.223 [info] > git for-each-ref --format=%(refname)%00%(upstream:short)%00%(objectname)%00%(upstream:track)%00%(upstream:remotename)%00%(upstream:remoteref) refs/heads/main refs/remotes/main [2ms]
2025-05-19 23:51:58.226 [warning] [Git][revParse] Unable to read file: ENOENT: no such file or directory, open '/home/azureuser/odd-platform/.git/refs/remotes/origin/main'
2025-05-19 23:51:58.227 [info] > git rev-parse refs/remotes/origin/main [2ms]
2025-05-19 23:51:58.242 [info] > git for-each-ref --sort -committerdate --format %(refname)%00%(objectname)%00%(*objectname) [6ms]
2025-05-19 23:51:58.372 [info] > git status -z -uall [143ms]
2025-05-20 00:16:47.367 [info] > git config --get commit.template [7ms]
2025-05-20 00:16:47.369 [info] > git for-each-ref --format=%(refname)%00%(upstream:short)%00%(objectname)%00%(upstream:track)%00%(upstream:remotename)%00%(upstream:remoteref) refs/heads/main refs/remotes/main [4ms]
2025-05-20 00:16:47.373 [warning] [Git][revParse] Unable to read file: ENOENT: no such file or directory, open '/home/azureuser/odd-platform/.git/refs/remotes/origin/main'
2025-05-20 00:16:47.374 [info] > git rev-parse refs/remotes/origin/main [1ms]
2025-05-20 00:16:47.393 [info] > git for-each-ref --sort -committerdate --format %(refname)%00%(objectname)%00%(*objectname) [11ms]
2025-05-20 00:16:47.554 [info] > git status -z -uall [177ms]
2025-05-20 00:16:47.897 [info] > git fetch [542ms]
2025-05-20 00:16:47.905 [info] > git config --get commit.template [3ms]
2025-05-20 00:16:47.906 [info] > git for-each-ref --format=%(refname)%00%(upstream:short)%00%(objectname)%00%(upstream:track)%00%(upstream:remotename)%00%(upstream:remoteref) refs/heads/main refs/remotes/main [1ms]
2025-05-20 00:16:47.908 [warning] [Git][revParse] Unable to read file: ENOENT: no such file or directory, open '/home/azureuser/odd-platform/.git/refs/remotes/origin/main'
2025-05-20 00:16:47.909 [info] > git rev-parse refs/remotes/origin/main [1ms]
2025-05-20 00:16:47.933 [info] > git for-each-ref --sort -committerdate --format %(refname)%00%(objectname)%00%(*objectname) [9ms]
2025-05-20 00:16:48.045 [info] > git status -z -uall [128ms]
2025-05-20 00:16:52.565 [info] > git config --get commit.template [4ms]
2025-05-20 00:16:52.566 [info] > git for-each-ref --format=%(refname)%00%(upstream:short)%00%(objectname)%00%(upstream:track)%00%(upstream:remotename)%00%(upstream:remoteref) refs/heads/main refs/remotes/main [2ms]
2025-05-20 00:16:52.569 [warning] [Git][revParse] Unable to read file: ENOENT: no such file or directory, open '/home/azureuser/odd-platform/.git/refs/remotes/origin/main'
2025-05-20 00:16:52.570 [info] > git rev-parse refs/remotes/origin/main [2ms]
2025-05-20 00:16:52.588 [info] > git for-each-ref --sort -committerdate --format %(refname)%00%(objectname)%00%(*objectname) [6ms]
2025-05-20 00:16:52.709 [info] > git status -z -uall [134ms]
2025-05-20 00:17:02.972 [info] > git rev-parse --show-toplevel [2ms]
2025-05-20 00:17:02.972 [info] fatal: not a git repository (or any of the parent directories): .git
2025-05-20 00:19:43.178 [info] > git rev-parse --show-toplevel [3ms]
2025-05-20 00:19:43.178 [info] fatal: not a git repository (or any of the parent directories): .git
2025-05-20 00:19:48.578 [info] > git fetch [528ms]
2025-05-20 00:19:48.585 [info] > git config --get commit.template [4ms]
2025-05-20 00:19:48.586 [info] > git for-each-ref --format=%(refname)%00%(upstream:short)%00%(objectname)%00%(upstream:track)%00%(upstream:remotename)%00%(upstream:remoteref) refs/heads/main refs/remotes/main [2ms]
2025-05-20 00:19:48.589 [warning] [Git][revParse] Unable to read file: ENOENT: no such file or directory, open '/home/azureuser/odd-platform/.git/refs/remotes/origin/main'
2025-05-20 00:19:48.591 [info] > git rev-parse refs/remotes/origin/main [1ms]
2025-05-20 00:19:48.603 [info] > git for-each-ref --sort -committerdate --format %(refname)%00%(objectname)%00%(*objectname) [6ms]
2025-05-20 00:19:48.724 [info] > git status -z -uall [131ms]
2025-05-20 00:19:52.690 [info] > git config --get commit.template [4ms]
2025-05-20 00:19:52.691 [info] > git for-each-ref --format=%(refname)%00%(upstream:short)%00%(objectname)%00%(upstream:track)%00%(upstream:remotename)%00%(upstream:remoteref) refs/heads/main refs/remotes/main [2ms]
2025-05-20 00:19:52.694 [warning] [Git][revParse] Unable to read file: ENOENT: no such file or directory, open '/home/azureuser/odd-platform/.git/refs/remotes/origin/main'
2025-05-20 00:19:52.696 [info] > git rev-parse refs/remotes/origin/main [2ms]
2025-05-20 00:19:52.711 [info] > git for-each-ref --sort -committerdate --format %(refname)%00%(objectname)%00%(*objectname) [7ms]
2025-05-20 00:19:52.843 [info] > git status -z -uall [145ms]
2025-05-20 00:24:17.292 [info] > git fetch [509ms]
2025-05-20 00:24:17.300 [info] > git config --get commit.template [4ms]
2025-05-20 00:24:17.301 [info] > git for-each-ref --format=%(refname)%00%(upstream:short)%00%(objectname)%00%(upstream:track)%00%(upstream:remotename)%00%(upstream:remoteref) refs/heads/main refs/remotes/main [2ms]
2025-05-20 00:24:17.304 [warning] [Git][revParse] Unable to read file: ENOENT: no such file or directory, open '/home/azureuser/odd-platform/.git/refs/remotes/origin/main'
2025-05-20 00:24:17.306 [info] > git rev-parse refs/remotes/origin/main [2ms]
2025-05-20 00:24:17.321 [info] > git for-each-ref --sort -committerdate --format %(refname)%00%(objectname)%00%(*objectname) [8ms]
2025-05-20 00:24:17.441 [info] > git status -z -uall [133ms]
2025-05-20 00:24:18.674 [info] > git config --get commit.template [8ms]
2025-05-20 00:24:18.677 [info] > git for-each-ref --format=%(refname)%00%(upstream:short)%00%(objectname)%00%(upstream:track)%00%(upstream:remotename)%00%(upstream:remoteref) refs/heads/main refs/remotes/main [6ms]
2025-05-20 00:24:18.679 [warning] [Git][revParse] Unable to read file: ENOENT: no such file or directory, open '/home/azureuser/odd-platform/.git/refs/remotes/origin/main'
2025-05-20 00:24:18.681 [info] > git rev-parse refs/remotes/origin/main [2ms]
2025-05-20 00:24:18.701 [info] > git for-each-ref --sort -committerdate --format %(refname)%00%(objectname)%00%(*objectname) [7ms]
2025-05-20 00:24:18.815 [info] > git status -z -uall [130ms]
2025-05-20 00:27:27.225 [info] > git fetch [501ms]
2025-05-20 00:27:27.233 [info] > git config --get commit.template [4ms]
2025-05-20 00:27:27.235 [info] > git for-each-ref --format=%(refname)%00%(upstream:short)%00%(objectname)%00%(upstream:track)%00%(upstream:remotename)%00%(upstream:remoteref) refs/heads/main refs/remotes/main [3ms]
2025-05-20 00:27:27.237 [warning] [Git][revParse] Unable to read file: ENOENT: no such file or directory, open '/home/azureuser/odd-platform/.git/refs/remotes/origin/main'
2025-05-20 00:27:27.240 [info] > git rev-parse refs/remotes/origin/main [2ms]
2025-05-20 00:27:27.256 [info] > git for-each-ref --sort -committerdate --format %(refname)%00%(objectname)%00%(*objectname) [7ms]
2025-05-20 00:27:27.383 [info] > git status -z -uall [141ms]
2025-05-20 00:27:28.616 [info] > git config --get commit.template [10ms]
2025-05-20 00:27:28.618 [info] > git for-each-ref --format=%(refname)%00%(upstream:short)%00%(objectname)%00%(upstream:track)%00%(upstream:remotename)%00%(upstream:remoteref) refs/heads/main refs/remotes/main [4ms]
2025-05-20 00:27:28.622 [warning] [Git][revParse] Unable to read file: ENOENT: no such file or directory, open '/home/azureuser/odd-platform/.git/refs/remotes/origin/main'
2025-05-20 00:27:28.623 [info] > git rev-parse refs/remotes/origin/main [2ms]
2025-05-20 00:27:28.643 [info] > git for-each-ref --sort -committerdate --format %(refname)%00%(objectname)%00%(*objectname) [8ms]
2025-05-20 00:27:28.773 [info] > git status -z -uall [145ms]
